#! /usr/bin/vvp
:ivl_version "0.9.7 " "(v0_9_7)";
:vpi_time_precision + 0;
:vpi_module "system";
:vpi_module "v2005_math";
:vpi_module "va_math";
S_0x257add0 .scope module, "clock" "clock" 2 1;
 .timescale 0 0;
v0x257aec0_0 .var "clk", 0 0;
v0x25ab590_0 .net "enable", 0 0, C4<z>; 0 drivers
    .scope S_0x257add0;
T_0 ;
    %delay 5, 0;
    %load/v 8, v0x257aec0_0, 1;
    %inv 8, 1;
    %set/v v0x257aec0_0, 8, 1;
    %jmp T_0;
    .thread T_0;
# The file index is used to find the file name in the following table.
:file_names 3;
    "N/A";
    "<interactive>";
    "clock.v";
